<?xml version="1.0" encoding="UTF-8" ?>
<testsuite errors="0" failures="0" hostname="Macintosh-2.local" name="au.com.bytecode.opencsv.CSVWriterTest" tests="9" time="0.355" timestamp="2009-08-17T03:52:46">
  <properties>
[...]
</properties>
  <testcase classname="au.com.bytecode.opencsv.CSVWriterTest" name="testParseLine" time="0.0090" />
  <testcase classname="au.com.bytecode.opencsv.CSVWriterTest" name="testParseAll" time="0.0010" />
  <testcase classname="au.com.bytecode.opencsv.CSVWriterTest" name="testNoQuoteChars" time="0.0" />
  <testcase classname="au.com.bytecode.opencsv.CSVWriterTest" name="testNullValues" time="0.0010" />
  <testcase classname="au.com.bytecode.opencsv.CSVWriterTest" name="testStreamFlushing" time="0.0010" />
  <testcase classname="au.com.bytecode.opencsv.CSVWriterTest" name="testAlternateEscapeChar" time="0.0010" />
  <testcase classname="au.com.bytecode.opencsv.CSVWriterTest" name="testNoQuotingNoEscaping" time="0.0010" />
  <testcase classname="au.com.bytecode.opencsv.CSVWriterTest" name="testNestedQuotes" time="0.017" />
  <testcase classname="au.com.bytecode.opencsv.CSVWriterTest" name="testAlternateLineFeeds" time="0.0010" />
  <system-out><![CDATA[]]></system-out>
  <system-err><![CDATA[]]></system-err>
</testsuite>
